124
6
0 2
0 3
0 4
0 1
0 5
4 6
7
0 1
0 5
0 2
1 3
1 4
4 7
4 6
5
1 2
1 4
1 0
4 5
4 3
19
6 9
6 18
6 5
9 14
9 15
9 7
18 0
5 16
15 8
15 12
7 17
0 4
0 1
16 19
16 3
19 2
3 10
3 13
2 11
99
99 8
99 74
99 75
99 10
99 11
99 12
99 33
99 43
99 79
99 82
99 83
99 89
99 92
99 98
99 25
99 50
99 51
99 80
99 86
99 87
99 52
99 60
99 66
99 67
99 4
99 16
99 20
99 24
99 56
99 57
99 72
99 73
99 2
99 3
99 6
99 7
99 17
99 32
99 34
99 36
99 37
99 58
99 64
99 69
99 5
99 9
99 47
99 63
99 21
99 28
99 44
99 46
99 49
99 70
99 94
99 0
99 1
99 14
99 29
99 53
99 93
99 97
99 18
99 85
99 19
99 54
99 55
99 61
99 65
99 76
99 78
99 81
99 84
99 88
99 90
99 91
99 45
99 71
99 96
99 15
99 26
99 27
99 95
99 40
99 41
99 22
99 48
99 59
99 35
99 39
99 13
99 77
99 38
99 23
99 62
99 30
99 31
99 68
99 42
99
0 1
0 2
0 98
98 99
98 13
98 27
98 43
98 34
98 38
98 48
98 49
98 17
98 22
98 24
98 26
98 30
98 33
98 42
98 44
98 9
98 11
98 19
98 39
98 40
98 29
98 31
98 47
98 16
98 7
98 14
98 28
98 41
98 20
98 35
98 8
98 32
98 46
98 18
98 6
98 15
98 36
98 37
98 10
98 45
98 4
98 12
98 21
98 3
98 25
98 23
98 5
99 86
99 87
99 92
99 53
99 56
99 57
99 64
99 69
99 67
99 74
99 93
99 94
99 96
99 97
99 71
99 72
99 51
99 52
99 54
99 59
99 68
99 50
99 60
99 70
99 55
99 61
99 75
99 76
99 65
99 66
99 88
99 73
99 63
99 89
99 90
99 58
99 82
99 84
99 62
99 80
99 91
99 81
99 95
99 85
99 78
99 79
99 83
99 77
99
33 53
33 89
33 85
33 78
33 48
33 42
33 36
33 92
33 37
33 56
33 98
33 46
33 95
33 88
33 70
33 35
33 38
33 41
33 52
33 61
33 72
33 84
33 82
33 77
33 71
33 80
33 43
33 96
33 65
33 50
33 40
33 64
33 45
33 79
33 19
33 7
33 18
33 9
33 17
33 32
33 15
53 87
53 81
53 93
53 66
53 68
53 75
53 57
53 63
53 99
53 47
53 22
53 44
53 11
53 39
53 20
53 6
53 3
53 31
53 25
53 30
53 5
53 49
53 24
89 94
89 90
89 34
89 21
89 1
89 76
89 0
89 23
89 13
89 4
89 67
89 28
89 83
85 86
85 73
85 26
85 59
85 62
85 14
85 29
85 55
85 58
85 27
85 12
78 91
78 60
78 2
78 54
48 10
48 8
48 16
42 51
42 97
42 69
3 74
89
62 96
62 69
62 90
62 65
62 98
62 91
62 73
62 71
62 70
62 72
62 63
62 88
62 93
62 75
62 79
62 77
62 89
62 80
62 86
62 78
62 66
62 92
62 74
62 64
62 97
62 68
62 59
62 55
62 60
62 61
62 58
62 22
96 99
96 76
96 81
96 67
96 84
96 82
96 56
69 95
69 85
69 57
90 94
90 87
90 83
22 28
22 27
22 37
22 25
22 42
22 24
22 36
22 33
22 44
22 29
22 31
22 7
22 13
22 20
22 10
22 19
22 1
22 5
22 6
22 9
22 14
22 12
22 11
22 18
22 15
22 4
28 35
28 41
28 38
28 32
28 40
28 43
28 16
28 17
28 21
28 23
28 2
27 39
27 34
27 26
27 0
25 30
25 3
2 8
90
66 72
66 67
66 76
66 74
66 77
66 68
66 73
66 71
66 78
66 69
66 70
66 75
66 79
66 51
66 55
66 61
66 58
66 62
66 50
66 56
66 54
66 64
66 57
66 63
66 52
66 59
66 65
66 60
72 53
72 48
72 49
76 90
76 21
76 13
76 32
76 45
73 27
73 14
73 0
73 42
71 3
71 11
70 80
62 98
62 28
62 31
50 2
50 12
50 18
50 16
50 46
57 86
59 82
53 89
48 7
48 9
48 39
49 29
49 47
21 87
21 25
21 23
21 22
21 26
21 24
21 10
21 1
21 15
21 20
21 19
21 6
21 4
21 17
21 8
21 5
32 41
32 33
31 40
31 44
12 99
9 43
39 93
39 38
47 30
25 94
1 85
33 34
36 37
35 36
34 35
99
0 20
0 26
0 25
0 77
0 80
0 14
0 71
0 83
0 90
0 59
0 7
0 30
0 31
0 68
0 84
0 29
0 67
0 46
0 18
0 64
0 38
0 65
0 28
0 98
0 1
0 17
0 53
0 89
0 70
0 54
0 58
0 3
0 87
0 69
0 45
0 79
0 50
0 52
0 91
0 15
0 23
0 49
0 97
0 55
0 21
0 10
0 19
0 32
0 4
0 85
0 63
0 35
0 13
0 33
0 6
0 66
0 75
0 86
0 56
0 47
0 92
0 62
0 44
0 22
0 94
0 41
0 2
0 96
0 36
0 73
0 57
0 51
0 88
0 43
0 9
0 61
0 93
0 81
0 39
0 40
0 95
0 27
0 42
0 16
0 78
0 34
0 60
0 24
0 37
0 8
0 11
0 5
0 72
0 82
0 99
0 12
0 48
0 76
0 74
99
36 40
36 39
36 37
36 32
40 43
40 44
40 41
37 38
32 35
32 33
32 28
44 45
44 47
44 48
41 42
33 34
28 29
28 31
28 24
45 46
48 51
48 49
48 52
29 30
24 27
24 25
24 20
49 50
52 55
52 56
52 53
25 26
20 21
20 23
20 16
56 59
56 60
56 57
53 54
21 22
16 17
16 19
16 12
60 63
60 61
60 64
57 58
17 18
12 15
12 13
12 8
61 62
64 67
64 68
64 65
13 14
8 9
8 11
8 4
68 71
68 72
68 69
65 66
9 10
4 5
4 7
4 0
72 75
72 76
72 73
69 70
5 6
0 1
0 3
76 79
76 77
76 80
73 74
1 2
77 78
80 83
80 84
80 81
84 88
84 87
84 85
81 82
88 92
88 91
88 89
85 86
92 93
92 95
92 96
89 90
93 94
96 97
96 99
97 98
99
12 26
12 25
12 5
26 53
26 54
25 52
25 51
5 11
5 2
11 23
11 24
2 6
2 0
23 48
23 47
24 50
24 49
6 14
6 13
0 1
48 98
48 97
47 96
47 95
47 46
49 99
14 30
14 29
13 28
13 27
1 4
1 3
46 93
46 94
46 45
46 22
30 62
30 61
29 60
29 59
28 58
28 57
27 55
27 56
4 9
4 10
3 7
3 8
9 20
9 19
7 16
7 15
8 18
8 17
45 92
45 91
45 44
20 41
20 42
19 39
19 40
16 33
16 34
15 31
15 32
18 37
18 38
17 35
17 36
44 89
44 90
44 21
41 84
41 83
42 86
42 85
39 80
39 79
40 82
40 81
33 68
33 67
34 70
34 69
31 63
31 64
32 65
32 66
37 75
37 76
38 78
38 77
35 71
35 72
36 74
36 73
21 43
43 87
43 88
99
17 18
17 66
17 65
17 16
18 19
18 68
18 67
66 64
66 63
19 20
19 69
19 70
64 62
64 61
20 21
20 72
20 71
62 59
62 15
21 73
21 74
21 22
59 14
59 57
73 75
73 76
14 60
14 13
75 77
75 78
13 58
13 12
77 80
77 79
77 23
58 55
58 56
12 11
80 82
80 24
82 84
82 25
84 86
84 26
84 81
86 88
86 83
86 27
88 90
88 85
88 28
90 92
90 29
90 87
92 96
92 89
92 30
96 0
96 93
96 91
0 94
0 99
91 95
94 97
94 98
7 46
7 8
7 45
7 6
46 48
46 44
46 43
8 9
8 47
44 41
44 42
9 49
9 10
9 50
41 39
41 5
49 51
49 52
39 4
39 37
51 53
51 54
4 40
4 3
3 38
3 2
2 36
2 35
2 1
1 32
1 31
1 34
1 33
11 54
99
6 7
6 53
6 8
6 61
6 81
6 52
6 68
6 69
6 97
6 98
6 25
6 70
6 65
6 73
6 64
6 58
6 50
6 72
6 67
6 55
6 78
6 56
6 26
6 40
6 66
6 71
6 46
6 27
6 5
6 1
7 77
7 17
7 79
7 83
7 76
7 15
7 82
7 35
7 39
7 22
7 75
7 28
7 21
7 74
7 86
7 14
7 90
7 80
7 13
7 31
7 4
53 59
53 33
53 24
53 43
53 49
53 51
8 84
8 89
8 12
8 9
8 85
8 18
8 45
8 87
8 30
8 95
8 88
8 3
8 0
61 57
61 29
61 23
81 92
81 91
81 11
81 60
81 44
81 47
52 63
52 20
52 48
52 36
68 34
68 54
68 38
68 19
68 41
69 94
69 37
98 32
98 2
70 16
70 62
65 96
65 99
65 93
65 10
3 42
98
44 47
44 42
44 43
44 41
47 50
47 46
47 45
41 40
41 38
41 39
50 53
50 49
50 48
38 36
38 37
38 35
53 56
53 51
53 52
35 33
35 34
35 32
56 59
56 55
56 54
32 30
32 31
32 29
59 62
59 58
59 57
29 26
29 27
29 28
62 65
62 60
62 61
26 23
26 25
26 24
65 68
65 63
65 64
23 20
23 21
23 22
68 71
68 66
68 67
20 19
20 18
20 17
71 74
71 69
71 70
17 15
17 16
17 14
74 77
74 72
74 73
14 12
14 13
14 11
77 80
77 75
77 76
11 10
11 9
11 8
80 83
80 79
80 78
8 5
8 6
8 7
83 86
83 81
83 82
5 3
5 2
5 4
86 89
86 84
86 85
2 98
2 0
2 1
89 92
89 87
89 88
98 95
98 97
98 96
92 91
92 90
95 93
95 94
82
11 36
11 37
11 35
11 3
37 71
37 54
37 81
35 78
35 61
35 65
35 72
3 13
3 12
3 0
71 23
71 21
71 19
54 17
54 45
81 26
81 22
78 42
78 20
78 25
61 49
61 4
72 7
72 15
13 41
13 43
13 79
12 40
12 62
12 38
12 39
12 69
0 1
0 2
23 58
23 73
21 66
21 67
21 6
19 59
19 80
19 60
19 5
17 56
17 75
17 53
17 55
45 77
45 14
26 82
26 74
26 8
22 68
22 63
22 70
4 16
15 48
15 47
15 64
2 10
2 9
2 76
58 18
58 50
58 28
75 27
75 24
14 44
14 46
10 34
10 33
10 32
10 57
9 30
9 29
9 31
57 52
57 51
80
2 3
2 11
2 1
3 4
3 12
11 20
11 10
1 0
4 13
4 5
20 29
20 21
20 19
13 14
13 22
29 30
29 38
29 28
14 23
14 15
30 31
30 39
38 47
38 37
23 24
23 32
15 16
15 6
39 48
39 40
47 56
47 46
24 25
24 33
16 17
16 7
48 49
48 57
56 65
56 55
25 34
25 26
7 8
49 50
49 58
65 66
65 74
65 64
34 35
34 43
50 59
50 51
50 41
66 67
66 75
64 73
64 63
43 52
43 44
43 42
59 68
59 60
63 72
63 54
52 53
52 61
68 77
68 69
61 62
61 70
77 78
77 76
70 79
70 71
71 80
36 45
18 27
27 36
0 9
9 18
98
59 60
59 96
59 84
59 87
59 18
59 13
59 58
59 25
60 61
60 95
60 69
60 4
60 20
96 64
84 39
87 36
13 44
58 91
58 89
58 28
58 57
58 17
58 14
61 62
61 90
61 74
61 97
61 29
95 47
4 34
20 50
64 65
64 68
64 86
64 80
64 63
64 2
39 85
39 40
39 38
39 10
36 37
36 92
36 71
36 3
36 7
36 35
36 5
44 45
44 43
44 22
28 54
57 93
57 21
57 56
47 48
47 73
47 66
47 88
47 46
34 8
34 15
34 33
50 51
50 75
50 16
50 49
80 52
63 94
63 6
52 81
52 53
52 32
40 41
40 76
40 19
38 79
38 98
41 77
41 26
35 82
35 27
35 12
35 9
43 42
43 1
43 0
54 55
54 78
54 23
54 24
54 11
48 67
48 83
48 30
48 31
46 70
51 72
63
9 10
9 18
9 2
9 8
10 3
18 17
3 4
3 1
17 26
17 5
17 16
4 11
26 27
26 37
26 25
5 6
16 7
16 15
37 38
15 24
30 31
30 21
30 29
31 42
31 32
31 22
21 12
21 20
20 19
20 11
19 28
44 45
44 52
44 35
45 53
45 36
53 58
50 51
50 57
50 49
50 41
49 56
49 48
55 60
55 47
55 54
60 63
60 59
47 46
63 62
62 64
62 61
34 43
34 33
34 23
34 35
28 39
39 40
24 23
6 13
13 14
40 41
58 59
31
8 9
8 10
8 0
9 11
9 1
0 16
0 30
0 2
0 6
1 18
1 20
1 7
1 3
30 31
30 28
2 4
2 26
6 17
6 12
20 21
20 22
7 13
7 19
7 5
3 24
4 27
4 15
4 29
5 23
5 14
5 25
99
4 7
4 6
4 0
4 1
4 2
7 8
7 5
0 50
0 20
0 40
0 70
1 9
2 3
50 52
50 55
50 57
50 54
50 80
50 30
20 25
20 22
20 27
20 24
20 10
40 60
40 47
40 45
40 42
40 44
70 74
70 77
70 72
70 75
52 53
52 51
57 58
57 56
80 85
80 87
80 90
80 84
80 82
30 32
30 34
30 37
30 35
25 28
25 23
24 26
24 21
10 14
10 17
10 15
10 12
60 62
60 64
60 65
60 67
47 48
47 46
42 43
42 41
74 76
74 71
75 78
75 73
51 59
85 88
85 83
90 97
90 94
90 92
90 95
84 86
84 81
32 33
32 31
37 38
37 36
21 29
14 16
14 11
15 18
15 13
62 63
62 61
67 68
67 66
41 49
71 79
97 98
97 96
92 93
92 91
81 89
31 39
11 19
61 69
91 99
96
14 35
14 58
14 36
14 84
14 83
14 82
14 40
14 89
14 51
14 25
14 73
14 46
14 80
14 81
14 62
14 97
14 38
14 27
14 28
14 56
14 29
14 37
14 74
14 75
14 44
14 26
14 15
14 88
14 57
14 23
14 90
14 39
14 34
14 76
14 96
14 7
14 4
14 3
14 5
14 2
14 6
14 8
14 10
14 13
14 11
14 9
35 93
35 48
35 50
35 72
35 52
35 45
35 20
35 22
35 12
35 16
35 21
35 17
35 18
35 30
35 24
35 33
35 31
35 32
35 1
35 19
58 79
58 71
84 87
84 42
84 41
84 43
84 47
83 70
83 60
83 63
83 61
83 55
83 66
83 49
83 78
83 69
83 68
83 67
83 54
83 77
83 65
83 64
83 59
89 53
89 86
89 85
96 94
96 95
96 91
96 92
99
29 92
29 51
29 87
29 67
92 34
92 86
51 95
51 19
34 35
34 84
95 43
95 41
95 77
19 82
35 68
35 23
35 5
41 37
41 1
77 63
77 50
68 56
68 15
68 59
23 28
37 4
1 72
15 27
15 38
38 93
38 81
38 33
81 58
81 26
33 52
33 16
26 89
52 90
52 24
90 98
90 75
90 6
98 44
98 30
6 83
6 13
44 64
30 79
83 20
83 48
20 22
20 99
20 8
48 32
22 65
22 70
8 97
8 2
2 80
2 14
14 42
14 57
14 31
42 76
42 21
31 25
31 9
21 47
25 53
25 7
53 66
53 71
53 46
66 78
66 10
66 39
46 18
10 91
10 45
39 62
91 88
91 12
91 55
45 73
12 40
12 94
55 85
55 36
40 3
85 96
85 0
96 11
96 49
96 61
11 69
11 60
49 54
49 17
3 74
90
36 87
36 70
36 12
36 15
12 93
15 69
15 82
69 78
69 76
69 97
69 74
69 98
69 99
69 81
69 92
69 88
69 6
69 38
69 60
69 34
69 59
69 9
69 49
69 53
69 67
69 14
78 84
78 48
78 35
97 39
97 90
97 58
74 75
74 71
74 54
81 16
81 41
81 80
6 11
38 1
60 94
60 25
60 13
34 47
34 20
34 8
59 63
59 2
59 5
9 19
9 17
9 96
53 22
14 65
14 66
14 7
48 85
48 18
35 26
39 62
39 0
75 43
75 21
16 37
16 3
41 79
94 61
94 23
20 51
20 77
8 68
2 24
2 33
5 27
17 57
17 10
65 91
65 30
7 31
18 55
0 86
43 56
3 4
61 64
51 72
24 28
10 73
55 83
27 89
68 32
73
11 51
11 36
11 37
11 58
11 33
11 32
11 72
11 16
11 30
11 15
11 52
11 68
11 31
11 55
11 66
11 27
11 54
11 67
11 38
11 13
11 39
11 45
11 43
11 53
11 49
11 73
11 41
11 63
11 24
11 42
11 46
11 69
11 50
11 40
11 62
11 22
11 60
11 18
11 26
11 59
11 70
11 61
11 20
11 56
11 17
11 47
11 48
11 25
11 34
11 64
11 71
11 57
11 0
11 2
11 9
11 1
11 5
11 8
11 3
11 4
11 10
51 65
51 21
51 44
51 23
51 6
51 7
51 14
51 35
51 29
36 12
36 19
0 28
10
5 6
5 3
5 2
6 10
6 9
6 4
3 7
3 1
4 8
8 11
5
1 3
1 6
1 2
1 4
1 5
21
13 20
13 12
13 11
20 21
20 19
12 18
12 9
12 10
9 3
9 8
3 5
3 1
3 2
8 14
8 7
5 6
5 4
14 15
14 17
15 16
16 22
39
4 6
4 33
4 11
4 24
4 23
4 21
4 30
4 8
4 31
4 17
4 13
4 27
4 28
4 19
4 9
4 10
4 35
4 26
4 14
4 32
4 39
4 20
4 5
4 36
4 38
4 16
4 22
4 34
4 25
4 29
4 7
4 18
4 37
4 15
4 12
4 1
4 3
4 0
4 2
99
17 61
17 94
17 88
17 84
17 87
17 77
17 23
17 39
17 62
17 22
17 37
17 78
17 40
17 79
17 49
17 67
17 47
17 99
17 36
17 56
17 48
17 58
17 19
17 26
17 42
17 55
17 90
17 74
17 51
17 20
17 60
17 53
17 82
17 86
17 91
17 70
17 64
17 41
17 98
17 66
17 96
17 92
17 83
17 46
17 85
17 97
17 45
17 68
17 81
17 69
17 93
17 57
17 54
17 95
17 30
17 89
17 73
17 65
17 75
17 80
17 6
17 7
17 13
13 27
13 2
27 63
2 12
2 0
12 16
12 31
12 18
12 32
0 1
0 5
0 3
0 15
0 9
0 28
16 50
18 34
18 33
1 4
1 44
5 8
3 21
15 35
9 11
9 71
28 38
8 10
8 29
8 52
8 25
10 24
10 14
10 59
25 43
24 72
14 76
99
14 58
14 53
14 99
14 21
14 95
14 39
14 67
14 79
14 60
14 63
14 72
14 41
14 87
14 73
14 47
14 97
14 55
14 20
14 38
14 54
14 37
14 46
14 94
14 88
14 89
14 33
14 76
14 75
14 40
14 16
14 29
14 25
14 32
14 80
14 83
14 69
14 90
14 78
14 56
14 61
14 77
14 84
14 59
14 28
14 65
14 19
14 81
14 86
14 93
14 71
14 44
14 85
14 50
14 68
14 15
14 49
14 92
14 82
14 22
14 98
14 96
14 45
14 91
14 70
14 51
14 7
7 17
7 3
3 24
3 8
3 13
3 5
3 0
5 43
0 2
0 1
0 4
0 9
2 6
2 23
1 57
4 10
4 11
4 64
9 31
23 34
23 74
10 52
10 42
10 12
11 27
11 30
11 18
42 66
12 26
27 36
27 35
30 62
30 48
99
26 28
26 95
26 75
26 88
26 80
26 86
26 51
26 90
26 50
26 64
26 30
26 68
26 36
26 38
26 67
26 93
26 98
26 52
26 83
26 76
26 45
26 74
26 78
26 99
26 87
26 59
26 73
26 66
26 77
26 84
26 79
26 62
26 81
26 89
26 94
26 72
26 37
26 46
26 71
26 92
26 96
26 70
26 57
26 53
26 56
26 85
26 61
26 49
26 97
26 47
26 65
26 91
26 43
26 34
26 48
26 58
26 32
26 82
26 14
26 18
26 21
26 17
26 24
26 16
26 22
26 23
26 4
4 12
4 7
4 2
12 27
7 15
7 69
7 11
2 13
2 8
2 41
2 0
15 44
13 19
8 20
8 55
0 5
0 1
0 6
0 35
55 60
1 3
6 33
10 54
10 29
10 3
29 42
3 25
3 9
25 31
19 40
33 39
60 63
99
28 31
28 90
28 43
28 37
28 58
28 71
28 50
28 88
28 67
28 49
28 69
28 60
28 64
28 33
28 36
28 97
28 75
28 47
28 53
28 57
28 79
28 45
28 82
28 30
28 29
28 93
28 66
28 48
28 10
28 19
28 13
28 4
28 8
28 15
28 1
28 17
28 24
28 12
28 5
28 18
31 86
31 98
31 44
31 77
31 35
31 63
31 94
31 51
31 72
31 56
31 74
31 99
31 62
31 68
31 59
31 91
31 38
31 23
31 16
31 21
31 6
31 3
31 9
90 84
90 87
90 11
90 76
90 32
90 39
90 70
90 81
90 0
90 40
90 54
90 89
90 78
90 55
43 52
43 96
43 22
43 42
43 34
43 2
37 80
37 46
37 73
37 26
37 27
37 14
71 95
71 83
71 41
71 7
71 61
71 65
50 20
50 25
69 85
69 92
84
38 50
38 68
38 55
38 10
50 69
50 30
50 41
68 26
68 60
68 4
55 59
55 45
55 36
10 31
10 70
10 18
10 3
69 16
69 51
30 34
30 62
30 40
30 22
41 63
41 2
26 71
26 15
26 7
60 33
60 14
60 12
4 6
4 78
4 21
59 64
59 39
59 37
45 80
45 77
45 8
36 43
36 67
31 57
31 23
31 17
70 35
70 32
3 73
3 74
3 56
16 79
16 65
51 61
51 28
34 24
34 9
34 19
62 0
62 54
40 46
22 81
22 49
63 84
63 11
2 47
2 13
15 53
15 5
78 83
78 75
78 42
21 52
21 82
21 27
37 72
37 1
57 76
57 44
9 58
49 20
49 29
53 66
53 48
5 25
84
15 26
15 73
15 53
15 64
15 5
26 71
26 60
26 68
26 7
73 82
73 77
73 3
53 66
53 48
53 0
53 19
64 59
64 43
64 32
64 13
5 54
5 29
5 35
5 25
71 75
71 84
71 17
60 14
60 12
60 33
68 58
68 38
68 4
82 67
82 9
82 28
82 21
77 83
77 22
77 45
77 1
3 56
3 74
3 41
3 10
66 47
66 24
66 65
48 27
48 23
0 62
0 2
19 34
19 76
19 72
59 37
59 55
59 6
59 39
43 79
43 36
32 70
32 42
29 49
29 52
29 11
58 61
58 46
67 40
67 20
28 51
83 44
83 78
22 81
22 30
45 80
45 8
45 16
41 50
41 69
41 63
10 18
10 31
31 57
99
1 41
1 91
1 75
1 29
1 20
1 8
1 40
1 26
1 4
1 68
1 51
1 60
1 36
1 56
1 89
1 44
1 6
1 11
1 64
1 24
1 21
1 90
1 23
1 84
1 46
1 86
1 69
1 65
1 50
1 7
1 58
1 61
1 85
1 55
41 83
41 97
41 82
41 95
41 57
41 76
41 45
41 73
41 77
41 74
41 62
41 54
41 53
41 93
41 47
41 98
41 63
41 19
41 37
41 34
41 28
41 39
41 18
41 32
41 16
41 17
41 35
41 2
91 92
91 94
91 25
91 9
91 12
91 59
91 43
91 87
91 31
91 5
91 22
91 33
91 78
75 79
75 81
75 42
75 70
75 30
75 49
75 48
75 14
75 27
75 0
29 38
29 96
29 66
29 71
29 67
29 3
29 15
29 13
20 80
20 88
20 52
20 10
68 72
68 99
99
19 30
19 69
19 70
19 44
19 75
19 63
19 41
19 56
19 47
19 62
19 29
19 31
19 27
19 22
19 57
19 71
19 68
19 50
19 49
19 67
19 52
19 93
19 89
19 24
19 53
19 34
19 33
19 61
19 36
19 74
19 78
19 64
19 43
19 72
19 55
19 42
19 48
19 18
19 10
19 6
19 1
19 13
19 12
19 11
19 0
19 2
30 95
30 35
30 32
30 45
30 86
30 51
30 87
30 76
30 94
30 97
30 79
30 65
30 90
30 98
30 58
30 99
30 81
30 80
30 54
30 96
30 15
30 9
30 7
30 26
69 83
69 88
69 4
69 60
69 28
69 5
69 66
69 59
70 82
70 84
70 92
70 85
70 37
70 25
70 17
70 20
70 39
70 14
44 77
44 38
44 8
44 3
44 23
75 16
75 46
41 40
41 21
56 73
56 91
99
20 92
20 76
20 56
20 55
20 94
20 51
20 81
20 53
20 57
20 66
20 73
20 86
20 63
20 87
20 72
20 52
20 68
20 54
20 95
20 83
20 85
20 71
20 67
20 62
20 90
20 74
20 64
20 93
20 78
20 75
20 91
20 58
20 96
20 79
20 98
92 4
92 12
92 47
92 13
92 7
92 2
92 28
92 19
92 38
92 17
92 6
92 26
92 32
92 31
92 11
92 41
92 15
92 3
92 1
92 50
92 46
92 10
92 89
92 0
92 29
92 36
92 14
92 9
92 30
92 48
92 40
92 39
92 23
92 37
92 27
92 34
76 49
76 44
76 45
76 5
76 24
76 18
76 35
76 21
76 25
76 43
76 22
76 33
76 16
76 8
73 88
73 42
4 61
4 65
4 60
4 77
4 97
4 70
4 84
4 99
4 69
12 59
12 80
0 82
63
12 30
12 46
12 50
12 58
12 31
12 16
12 19
12 14
12 20
12 35
12 15
12 27
12 39
12 40
12 18
12 26
12 32
12 23
12 63
12 43
12 22
12 37
12 54
12 49
12 51
12 36
12 60
12 34
12 25
12 21
12 29
12 62
12 59
12 28
12 48
12 52
12 24
12 33
12 53
12 41
12 13
12 42
12 57
12 61
12 38
12 47
12 17
12 44
12 45
12 55
12 56
12 8
12 4
12 6
12 9
12 3
12 2
12 1
12 11
12 5
12 10
12 7
17 0
39
5 10
5 22
5 13
5 11
5 37
5 9
5 20
5 17
5 18
5 30
5 16
5 8
5 25
5 33
5 32
5 24
5 12
5 19
5 26
5 6
5 36
5 29
5 27
5 7
5 21
5 15
5 31
5 39
5 38
5 23
5 4
5 2
5 3
5 1
5 0
10 14
10 28
10 34
10 35
99
46 66
46 94
46 93
46 60
46 22
66 32
94 23
93 30
22 96
22 45
22 10
32 65
32 15
23 47
23 98
23 48
23 70
23 11
30 61
30 76
30 62
30 14
45 91
45 57
45 92
10 97
10 21
10 99
10 4
65 27
15 31
15 82
15 7
27 56
27 55
27 13
31 64
31 86
31 77
31 90
82 40
47 50
47 95
70 34
11 52
11 24
11 54
11 5
50 88
50 73
34 69
34 16
52 25
24 74
24 49
5 80
5 2
61 33
76 37
14 29
14 53
14 87
14 6
33 68
33 63
33 67
37 75
37 18
21 44
21 43
56 20
55 3
13 28
13 59
20 41
20 42
20 9
3 8
3 83
3 1
28 58
28 78
40 81
40 19
25 51
25 84
25 12
18 38
1 89
1 0
0 71
19 39
12 79
12 26
12 85
35 71
35 72
35 17
17 36
99
3 17
3 6
3 68
3 93
3 5
3 21
3 25
3 95
3 49
3 98
3 61
3 44
3 1
3 0
17 51
17 30
17 54
17 28
17 55
17 84
17 53
17 41
17 60
17 57
6 78
6 35
6 15
6 70
6 14
6 37
6 72
6 26
6 16
6 62
6 63
6 4
68 90
68 22
68 50
68 59
68 40
68 46
68 38
93 89
93 86
93 29
93 32
93 34
93 39
93 85
93 19
5 13
5 74
5 10
5 11
5 12
21 65
21 56
21 64
21 43
21 71
21 7
25 76
25 75
25 31
25 66
25 48
25 77
25 58
25 8
95 83
95 67
95 69
95 36
61 92
61 20
61 18
0 2
0 82
0 96
51 99
51 79
30 87
30 88
30 45
28 73
28 81
28 9
28 23
55 97
55 27
55 47
14 42
14 91
90 94
90 80
90 52
75 33
75 24
99
9 22
9 23
9 24
9 2
22 62
22 65
22 58
22 66
22 59
22 63
22 60
22 8
23 64
23 61
2 53
2 49
2 51
2 50
2 55
2 7
2 57
2 52
2 56
2 0
53 21
53 20
7 19
0 1
0 3
1 6
1 48
1 39
1 4
1 37
1 42
1 5
1 43
1 46
1 44
6 18
6 16
6 11
6 17
39 90
39 15
4 74
4 69
4 68
4 81
4 10
4 80
4 70
4 77
4 12
4 78
4 76
4 79
5 83
5 98
5 14
5 88
5 92
5 85
5 89
5 13
5 96
18 47
18 41
18 45
18 40
90 32
90 33
74 26
74 27
69 28
69 25
81 30
81 29
83 38
83 31
14 36
14 35
14 34
32 82
32 84
32 86
32 87
26 67
26 71
26 72
26 75
25 73
36 97
36 93
36 99
36 95
36 94
36 91
19 54
88
9 88
9 77
9 49
9 85
9 48
9 80
9 60
9 67
9 66
9 83
9 76
9 68
9 62
9 79
9 44
9 70
9 65
9 56
9 52
9 87
9 53
9 59
9 58
9 78
9 84
9 63
9 51
9 47
9 64
9 71
9 69
9 46
9 75
9 72
9 50
9 61
9 81
9 86
9 55
9 82
9 54
9 74
9 73
9 45
9 57
88 10
88 20
88 32
88 1
88 28
88 25
88 34
88 41
88 12
88 17
88 0
88 11
88 14
88 36
88 37
88 4
88 5
88 7
88 26
88 31
88 38
88 33
88 8
88 29
88 42
88 43
88 35
88 6
88 16
88 24
88 19
88 23
88 22
88 13
88 3
88 18
88 2
88 21
88 15
88 27
88 30
88 40
88 39
99
2 28
2 10
2 24
2 88
2 91
2 81
2 29
2 34
2 76
2 78
2 87
2 30
2 3
2 94
2 80
2 39
2 32
2 84
2 6
2 7
2 15
2 9
2 18
2 98
2 83
2 21
2 35
2 4
2 82
2 8
2 90
2 22
2 86
2 75
2 27
2 74
2 92
2 33
2 89
2 31
2 36
2 5
2 97
2 96
2 19
2 79
2 95
2 17
2 99
2 85
2 77
2 26
2 11
2 23
2 13
2 20
2 12
2 25
2 14
2 16
2 93
2 0
2 1
28 65
10 47
24 61
29 66
34 71
30 67
3 40
32 69
6 43
7 44
15 52
9 46
18 55
21 58
35 72
4 41
8 45
22 59
27 64
33 70
31 68
36 73
5 42
19 56
17 54
26 63
11 48
23 60
13 50
20 57
12 49
25 62
14 51
16 53
0 37
1 38
98
5 18
5 17
5 30
5 32
5 19
5 26
5 25
5 24
5 7
5 14
5 10
5 28
5 13
5 9
5 16
5 8
5 21
5 29
5 6
5 20
5 23
5 12
5 15
5 31
5 27
5 22
5 11
5 1
5 3
5 0
5 2
5 4
1 35
40 65
40 51
40 54
40 41
40 56
40 64
40 59
40 45
40 55
40 50
40 43
40 52
40 61
40 49
40 58
40 62
40 46
40 47
40 60
40 63
40 57
40 48
40 53
40 44
40 42
40 39
40 34
40 35
40 38
40 36
40 33
40 37
35 72
66 91
66 95
66 82
66 90
66 96
66 87
66 78
66 80
66 71
66 72
66 77
66 98
66 73
66 68
66 70
66 97
66 69
66 74
66 89
66 92
66 67
66 75
66 85
66 88
66 86
66 84
66 79
66 76
66 83
66 93
66 94
66 81
99
0 64
0 65
0 27
0 25
0 52
0 15
0 38
0 26
0 59
0 98
0 78
0 6
0 87
0 7
0 14
0 80
0 68
0 82
0 28
0 35
0 30
0 43
0 2
0 49
0 48
0 42
0 1
0 16
0 4
0 40
0 70
0 5
0 61
0 10
0 3
0 29
0 77
0 90
0 12
0 76
0 17
0 88
0 13
0 34
0 44
0 54
0 75
0 62
0 95
0 79
0 66
0 31
0 24
0 92
0 69
0 47
0 58
0 91
0 67
0 96
0 86
0 81
0 37
0 53
0 39
0 56
0 84
0 60
0 19
0 57
0 21
0 97
0 94
0 23
0 36
0 11
0 20
0 74
0 85
0 73
0 8
0 32
0 72
0 50
0 55
0 89
0 18
0 45
0 33
0 41
0 93
0 83
0 99
0 63
0 22
0 9
0 51
0 46
0 71
83
62 77
62 73
62 78
62 67
62 72
62 74
62 65
62 81
62 64
62 70
62 82
62 66
62 79
62 68
62 76
62 83
62 63
62 69
62 75
62 71
62 80
62 49
62 50
62 46
62 53
62 58
62 42
62 51
62 47
62 45
62 59
62 56
62 48
62 54
62 57
62 61
62 52
62 44
62 60
62 55
62 43
42 0
12 35
12 31
12 40
12 14
12 13
12 29
12 39
12 24
12 25
12 16
12 41
12 32
12 28
12 22
12 30
12 17
12 15
12 20
12 33
12 38
12 34
12 26
12 23
12 18
12 27
12 21
12 37
12 36
12 19
12 2
12 10
12 8
12 4
12 6
12 5
12 1
12 0
12 11
12 3
12 9
12 7
99
58 59
58 60
58 57
59 0
60 61
0 44
0 86
0 77
0 35
0 80
0 74
0 17
0 50
0 5
0 11
0 1
0 65
0 95
0 92
0 14
0 38
0 83
0 56
0 20
0 2
0 26
0 47
0 98
0 8
0 23
0 89
0 71
0 29
0 41
0 32
0 62
0 53
0 68
44 43
86 85
77 76
35 34
17 16
50 49
5 4
11 10
65 64
95 94
26 25
71 70
43 45
43 42
85 87
85 84
76 78
76 75
34 36
34 33
16 18
16 15
49 51
49 48
4 6
4 3
10 12
10 9
64 66
64 63
94 96
94 93
25 27
25 24
70 72
70 69
45 46
87 88
78 79
36 37
18 19
51 52
6 7
12 13
66 67
96 97
27 28
72 73
28 30
30 31
88 90
52 54
79 81
81 82
37 39
39 40
54 55
97 99
19 21
90 91
21 22
99
51 98
51 85
51 74
51 65
51 82
51 52
51 69
51 60
51 58
51 54
51 61
51 41
51 34
51 11
51 19
51 26
51 44
51 12
51 30
51 16
51 32
51 8
51 27
98 6
98 79
98 47
98 18
98 31
98 53
98 67
98 39
98 91
85 92
85 71
85 0
85 9
85 75
85 84
85 80
85 45
85 48
74 93
74 97
74 13
74 23
74 2
74 21
65 72
65 95
65 94
65 50
65 3
65 49
65 43
82 10
82 46
52 68
52 77
52 86
52 73
52 88
52 7
69 78
69 81
69 89
69 42
69 5
69 15
69 29
69 55
69 33
69 25
69 59
69 4
69 37
60 62
60 87
58 63
58 17
58 24
54 64
54 14
54 40
26 66
26 83
26 20
44 70
44 22
8 36
8 1
27 76
27 57
6 96
6 38
46 90
46 28
77 99
77 56
20 35
99
46 69
46 77
46 79
46 73
46 80
46 94
46 31
46 30
46 45
69 87
69 84
69 99
69 89
69 98
69 20
69 29
69 32
69 22
69 16
69 53
69 24
69 19
69 52
69 2
69 64
69 34
77 92
77 7
77 27
77 66
77 37
77 50
77 3
77 36
77 43
77 44
77 39
79 95
79 91
79 75
79 25
79 28
79 6
79 15
79 41
73 88
73 70
73 5
73 33
73 47
80 63
80 76
80 35
80 58
80 14
80 0
80 12
80 60
80 68
80 51
94 97
94 9
94 85
94 55
94 82
94 40
94 78
94 65
94 13
31 38
31 42
31 71
31 86
31 83
31 17
30 74
30 72
30 49
87 96
87 1
99 4
99 26
98 48
98 57
98 93
20 67
20 56
20 21
16 62
16 11
2 90
2 59
64 8
64 23
37 61
37 18
15 54
15 10
8 81
99
42 54
42 66
42 76
42 55
42 74
42 92
42 88
42 80
42 61
42 85
42 95
42 15
42 9
42 20
42 21
42 1
42 0
42 37
54 82
54 79
54 72
54 81
54 70
54 39
54 40
54 25
54 28
54 53
54 2
66 89
66 73
66 38
66 23
66 58
66 17
66 56
66 52
66 63
76 78
76 7
76 18
76 24
76 35
76 46
76 68
76 4
76 34
55 84
55 77
55 60
55 62
55 48
55 47
55 26
55 29
55 8
55 19
55 36
55 22
55 45
74 75
74 96
74 65
74 13
74 69
74 67
92 11
92 86
92 87
92 10
92 14
92 44
92 51
92 33
92 49
88 16
88 3
88 6
88 71
88 59
80 97
80 31
80 50
80 57
61 83
61 32
95 99
95 94
9 41
9 43
9 90
9 64
37 91
37 30
79 98
79 27
79 12
52 93
52 5
62
3 7
3 11
3 32
3 58
3 45
3 60
3 22
3 36
3 51
3 29
3 33
3 23
3 13
3 39
3 31
3 24
3 15
3 46
3 62
3 6
3 57
3 9
3 16
3 34
3 10
3 19
3 47
3 12
3 56
3 21
3 49
3 54
3 28
3 50
3 26
3 44
3 61
3 35
3 17
3 42
3 40
3 55
3 18
3 25
3 53
3 4
3 52
3 8
3 5
3 37
3 41
3 14
3 59
3 38
3 30
3 27
3 20
3 48
3 43
3 2
3 1
3 0
99
5 6
5 15
5 16
5 4
6 7
6 17
15 26
15 25
15 14
7 8
7 18
17 28
17 27
26 36
26 37
25 35
25 24
14 3
14 13
8 9
8 19
28 39
28 29
28 38
36 47
36 46
35 45
35 34
13 23
13 12
13 2
38 48
38 49
47 58
47 57
45 55
45 56
45 44
23 33
23 22
12 1
12 11
58 69
58 68
58 59
55 66
55 65
55 54
33 43
33 32
11 21
11 10
11 0
68 79
68 78
68 67
66 76
66 77
65 75
65 64
43 53
43 42
21 31
21 20
78 88
78 89
76 87
76 86
75 85
75 74
53 63
53 52
31 41
31 30
88 98
88 99
86 97
86 96
85 95
85 84
63 73
63 62
41 51
41 40
84 94
84 83
62 72
62 61
83 93
83 82
61 71
61 60
61 50
82 92
82 81
81 91
81 70
81 80
80 90
99
24 88
24 41
24 92
24 30
24 60
24 64
24 42
24 52
24 73
24 25
24 84
24 13
24 11
24 15
24 19
88 98
88 94
88 97
88 39
88 0
88 70
88 4
88 56
88 83
88 49
88 68
88 71
88 16
88 45
88 65
88 28
88 35
88 87
41 90
41 77
41 43
41 82
41 78
41 85
41 76
41 57
41 48
41 46
41 34
41 7
41 20
41 10
92 95
92 66
92 3
92 58
92 17
92 36
92 50
92 91
30 38
30 89
30 96
30 47
30 86
30 93
30 32
30 44
30 61
60 72
60 67
60 74
60 63
60 69
60 54
60 2
60 55
64 75
64 81
64 29
64 5
64 23
64 21
64 27
64 9
64 37
64 40
52 62
52 33
52 12
73 14
73 59
73 18
25 53
25 8
94 31
94 80
97 99
97 22
39 51
39 6
39 26
56 79
56 1
99
33 65
33 59
33 54
33 75
33 78
33 73
33 94
33 97
33 48
33 64
33 41
33 55
33 37
33 58
33 68
33 71
33 93
33 49
33 88
33 47
33 57
33 56
33 42
33 67
33 96
33 74
33 82
33 32
33 4
33 17
33 14
33 22
33 21
33 30
33 15
33 23
33 3
33 29
33 26
33 7
33 1
33 2
33 0
33 31
65 99
65 83
65 70
65 91
65 86
65 92
65 38
65 43
65 28
65 61
65 39
65 50
65 44
65 5
65 8
65 20
65 62
65 9
65 11
65 16
65 53
65 13
59 87
59 63
59 72
59 95
59 84
59 79
59 80
59 40
59 51
59 35
59 46
59 45
54 89
54 69
54 81
54 85
54 60
54 25
54 18
54 12
54 36
75 98
75 77
75 52
75 10
75 34
75 24
78 90
78 76
78 27
78 66
94 6
94 19
99
7 86
7 37
7 69
7 48
7 92
7 10
7 96
7 52
7 22
7 80
7 9
7 33
7 30
7 83
7 19
7 70
7 98
7 29
7 67
7 97
7 85
7 27
7 59
7 56
7 2
86 90
86 89
86 20
86 31
86 34
86 65
86 55
86 84
86 0
86 42
86 73
86 76
86 40
86 61
86 68
86 71
86 21
37 45
37 66
37 47
37 46
37 91
37 82
37 4
37 17
37 26
37 36
37 11
37 5
37 13
69 74
69 88
69 79
69 77
69 43
69 15
69 12
69 1
69 53
69 35
48 50
48 54
48 72
48 64
48 75
48 16
48 44
92 99
92 14
92 60
92 78
92 3
92 58
92 39
92 38
10 81
10 62
10 57
10 41
10 28
96 32
96 6
96 23
52 49
52 18
22 95
22 63
22 25
30 87
30 8
19 93
19 51
61 94
61 24
99
0 27
0 28
0 34
0 14
0 23
0 22
0 6
0 13
0 24
0 18
0 35
0 30
0 3
0 1
0 11
0 32
0 9
0 20
0 25
0 19
0 29
0 4
0 12
0 26
0 33
0 10
0 16
0 15
0 31
0 5
0 8
0 2
0 17
0 21
0 99
0 7
99 38
99 39
99 50
99 51
99 52
99 53
99 64
99 59
99 61
99 98
99 45
99 96
99 62
99 40
99 41
99 46
99 47
99 43
99 36
99 37
99 54
99 55
99 95
99 48
99 49
99 56
99 58
99 57
99 42
99 60
99 44
99 97
64 72
64 92
64 77
64 91
64 75
64 81
64 84
64 79
64 93
64 65
64 88
64 94
64 76
64 66
64 69
64 67
64 80
64 89
64 73
64 78
64 87
64 70
64 82
64 85
64 83
64 71
64 68
64 74
64 86
64 90
64 63
93
0 23
0 31
0 37
0 25
0 2
0 26
0 8
0 44
0 48
0 56
0 28
0 12
0 49
0 60
0 9
0 13
0 41
0 53
0 24
0 14
0 46
0 51
0 54
0 29
0 42
0 52
0 15
0 17
0 19
0 30
0 10
0 33
0 34
0 50
0 55
0 5
0 20
0 32
0 7
0 38
0 47
0 57
0 61
0 4
0 11
0 40
0 16
0 18
0 21
0 45
0 27
0 36
0 39
0 1
0 58
0 3
0 6
0 22
0 35
0 43
0 59
23 92
92 93
92 91
93 87
93 81
93 84
93 89
93 76
93 77
93 78
93 85
93 86
93 79
93 88
93 90
93 82
93 80
93 83
91 64
91 75
91 69
91 67
91 62
91 66
91 73
91 65
91 74
91 63
91 71
91 72
91 70
91 68
99
34 79
34 85
34 71
34 74
34 80
34 36
34 94
34 10
34 3
34 20
34 17
34 7
79 87
79 91
79 5
79 19
79 68
79 45
79 9
79 73
79 66
79 51
79 58
79 77
79 25
79 4
85 95
85 49
85 64
85 75
85 65
85 13
85 44
85 41
85 56
85 1
85 46
85 78
85 76
85 29
71 88
71 93
71 99
71 43
71 52
71 33
71 12
71 47
71 23
71 50
71 42
71 53
71 27
74 84
74 82
74 60
74 18
74 2
74 24
74 35
80 90
80 81
80 61
80 37
80 6
80 21
80 40
80 59
80 26
36 98
36 67
36 97
36 55
36 0
36 11
94 48
94 69
94 83
10 57
10 62
10 31
10 22
10 86
3 39
3 14
3 32
20 30
20 96
20 16
87 89
87 28
87 38
5 92
5 54
5 63
4 72
4 70
99 8
99 15
99
11 78
11 70
11 36
11 31
11 62
11 28
11 88
11 98
11 65
11 5
78 83
78 89
78 34
78 61
78 23
78 21
78 15
78 72
70 96
70 38
70 32
70 56
70 43
70 2
70 19
70 69
36 37
36 87
36 82
36 1
36 35
36 30
31 77
31 73
31 33
31 14
31 0
62 68
62 64
62 67
62 84
62 13
62 53
62 29
62 39
62 44
28 48
28 52
28 59
28 8
88 75
88 40
88 66
88 55
98 22
98 90
98 47
98 42
98 97
65 86
65 49
65 17
65 60
65 50
89 94
89 27
89 20
89 63
89 71
72 85
72 7
96 45
96 74
32 92
32 57
32 95
32 16
32 3
56 91
56 81
56 80
43 93
43 79
2 12
2 54
14 18
14 46
14 10
0 58
0 6
0 4
68 99
68 51
67 41
67 26
8 76
66 25
66 9
3 24
99
9 14
9 10
9 80
9 13
9 83
9 28
9 18
9 62
14 84
14 67
14 55
14 35
14 93
14 22
14 72
14 3
14 0
14 1
10 92
10 12
10 60
10 71
10 2
10 5
10 8
80 37
80 27
13 56
13 24
13 94
83 97
83 26
83 25
83 32
83 58
28 53
28 50
28 77
28 64
28 61
28 33
28 52
28 49
28 51
28 76
28 20
18 88
18 41
62 68
62 87
62 29
62 59
62 47
62 31
84 66
84 39
84 42
84 48
84 46
84 75
67 85
67 69
67 38
55 65
55 17
35 45
35 34
35 15
22 73
22 54
22 96
72 74
72 43
72 70
72 16
3 21
3 23
0 4
92 82
92 30
92 40
12 91
12 19
12 11
12 6
60 95
60 89
60 79
60 63
2 36
2 86
5 44
5 98
25 57
25 7
32 81
32 78
49 99
49 90
99
19 20
19 82
19 18
82 21
18 81
18 17
17 16
32 86
32 33
32 31
33 34
43 90
43 44
43 42
44 45
42 89
42 41
65 66
65 97
65 64
64 63
70 71
70 99
70 69
69 98
69 68
98 67
13 80
13 14
13 12
12 79
12 11
11 10
54 93
54 55
54 53
55 94
55 56
53 52
36 37
36 87
36 35
37 88
37 38
38 39
23 83
23 24
23 22
24 25
59 95
59 60
59 58
58 57
0 73
0 74
0 75
73 72
2 3
2 76
2 1
1 75
6 7
6 77
6 5
7 78
7 8
5 4
50 51
50 92
50 49
49 48
27 28
27 84
27 26
28 29
28 85
29 30
47 48
47 91
47 46
62 63
62 96
62 61
61 60
15 80
72 99
16 15
34 35
57 94
67 66
10 9
52 51
39 40
30 31
25 84
9 78
40 41
4 3
21 22
99
34 35
34 0
34 33
0 36
0 94
0 6
0 28
0 47
0 57
0 65
0 71
0 80
0 87
0 32
0 17
0 31
0 45
0 59
0 72
0 96
0 5
0 54
0 9
0 19
0 21
0 67
0 48
0 49
0 14
0 25
0 46
0 55
0 84
0 18
0 24
0 42
0 95
0 60
0 43
0 92
0 58
0 41
0 61
0 73
0 81
0 90
0 15
0 39
0 97
0 20
0 56
0 85
0 98
0 99
0 26
0 77
0 88
0 7
0 8
0 79
0 1
0 27
0 40
0 63
0 91
0 51
0 70
0 4
0 29
0 52
0 16
0 30
0 62
0 75
0 23
0 3
0 78
0 13
0 38
0 76
0 83
0 89
0 10
0 11
0 50
0 53
0 68
0 82
0 86
0 69
0 12
0 22
0 37
0 64
0 2
0 44
0 66
0 74
0 93
99
53 58
53 85
53 90
53 76
53 94
53 96
53 95
53 80
53 72
53 77
53 59
53 89
53 97
53 66
53 60
53 86
53 54
53 84
53 55
53 70
53 68
53 57
53 78
53 12
53 44
53 2
53 9
53 13
53 27
53 21
53 29
53 7
53 4
53 19
53 46
53 11
53 8
53 52
53 43
53 41
58 82
58 71
58 75
58 65
58 64
58 67
58 73
58 83
58 61
58 98
58 93
58 74
58 50
58 26
58 38
58 14
58 10
58 30
58 39
58 37
58 16
58 34
58 31
58 15
58 36
58 28
58 45
58 35
58 42
58 40
85 99
85 91
85 48
85 56
85 1
85 23
85 62
85 22
85 25
85 20
85 63
85 6
90 81
90 49
90 0
90 24
90 32
90 88
90 69
90 33
94 18
94 92
94 3
96 17
96 5
96 51
95 47
95 87
0 79
9
5 7
5 1
5 2
7 8
7 9
7 0
7 6
6 3
3 4
21
4 18
4 9
4 21
4 7
4 2
9 19
9 15
9 17
9 8
7 5
19 20
19 6
19 10
15 1
15 11
8 14
6 3
11 16
11 0
0 13
5 12
99
23 28
23 38
23 39
23 30
23 26
23 27
23 32
23 40
23 36
23 33
23 31
23 37
23 25
23 35
23 29
23 24
23 34
23 22
23 21
23 20
40 41
20 19
52 57
52 58
52 56
52 53
52 54
52 61
52 59
52 55
52 60
52 41
52 49
52 47
52 42
52 45
52 51
52 44
52 43
52 48
52 46
52 50
61 62
97 99
97 98
97 85
97 96
97 83
97 89
97 93
97 95
97 90
97 87
97 84
97 88
97 91
97 86
97 92
97 94
6 7
6 17
6 15
6 14
6 10
6 11
6 8
6 9
6 18
6 19
6 12
6 13
6 16
6 1
6 4
6 0
6 3
6 2
6 5
67 79
67 73
67 71
67 80
67 70
67 76
67 74
67 78
67 69
67 75
67 82
67 77
67 81
67 72
67 68
67 62
67 65
67 66
67 64
67 63
82 83
90
21 27
21 28
21 15
27 34
27 35
27 20
28 36
34 42
34 43
34 26
42 52
42 51
42 33
52 62
52 63
51 61
51 41
62 73
62 74
63 75
63 53
61 72
61 50
73 85
73 86
75 88
75 87
75 64
72 84
72 60
88 76
84 71
76 89
76 65
71 83
71 59
89 77
65 55
65 54
77 90
77 66
54 45
54 44
83 70
59 48
59 49
70 82
70 58
48 39
48 38
66 78
82 69
69 81
69 57
39 31
39 30
81 68
57 46
57 47
68 80
68 56
31 40
31 24
31 23
56 67
24 32
24 17
24 18
17 12
17 11
18 25
18 13
12 7
12 8
11 16
13 19
13 9
8 5
8 4
9 14
9 6
5 2
5 3
6 10
2 1
22 29
29 37
78 91
67 79
16 22
97
25 30
25 29
25 21
30 35
30 26
35 40
26 31
26 22
40 46
40 45
31 36
31 27
22 18
46 52
46 41
45 51
45 39
52 58
39 44
39 34
27 32
27 23
18 14
18 15
58 64
58 65
44 50
32 37
32 28
14 17
14 11
15 19
15 12
12 9
64 71
64 57
65 72
65 59
71 78
59 66
59 53
37 42
28 33
28 24
9 6
9 7
78 85
78 86
66 73
66 60
42 47
42 48
6 8
6 4
7 10
7 5
4 2
10 13
85 93
85 77
86 94
86 79
77 84
77 70
73 80
48 54
48 43
43 49
43 38
84 92
84 76
80 88
80 87
49 55
76 83
76 69
88 96
88 81
96 97
96 95
81 89
81 74
83 91
61 67
61 68
61 55
68 75
56 62
56 63
56 50
13 16
75 82
82 90
90 98
1 3
2 1
16 20
23
7 10
7 8
7 11
7 6
7 3
10 15
10 14
10 9
8 12
8 4
6 5
6 2
15 19
15 18
15 16
15 20
14 17
14 13
2 1
19 23
19 22
16 21
13 24
98
7 20
7 52
7 45
7 32
7 90
7 91
7 92
7 58
7 95
7 14
7 80
7 22
7 96
7 74
7 31
7 60
7 8
7 29
7 57
7 54
7 28
7 25
7 68
7 6
20 81
20 40
20 86
20 47
20 83
20 27
20 41
20 51
20 21
20 53
20 50
20 35
20 55
20 15
20 19
20 10
20 3
20 4
20 17
20 11
52 64
52 59
52 65
52 84
52 62
52 69
52 73
52 72
52 38
52 43
52 26
52 24
45 89
45 75
45 48
45 98
45 99
45 46
45 56
45 82
45 23
45 2
45 16
45 9
45 13
45 44
45 5
45 12
45 18
32 87
32 34
32 94
32 36
32 42
32 49
32 37
32 39
32 33
32 1
32 30
91 93
91 88
91 79
91 78
91 85
91 67
91 71
91 77
92 66
92 61
58 70
58 63
58 97
5 76
80
29 49
29 47
29 35
29 34
29 38
29 65
29 31
29 30
29 32
29 56
29 69
29 37
29 59
29 33
29 79
29 74
29 39
29 36
29 5
29 20
29 11
29 28
29 13
29 19
29 2
29 21
49 76
49 58
49 51
49 54
49 50
49 73
49 57
49 67
49 52
49 53
49 41
49 40
49 25
49 22
49 9
49 17
49 4
49 48
49 46
47 55
47 77
47 15
47 23
47 7
35 45
35 44
35 71
35 75
35 62
35 43
35 80
35 26
35 8
35 27
34 42
34 66
34 70
34 61
34 16
34 14
34 18
34 24
38 68
38 78
38 6
65 72
65 64
31 81
31 1
30 60
30 12
30 10
30 3
3 63
99
21 22
21 94
21 82
21 83
21 61
21 76
21 85
21 88
21 64
21 56
21 79
21 75
21 95
21 65
21 78
21 58
21 55
21 81
21 90
21 62
21 63
21 54
21 92
21 97
21 71
21 91
21 93
21 96
21 72
21 73
21 68
21 69
21 59
21 51
21 77
21 70
21 60
21 57
21 52
21 84
21 53
21 86
21 67
21 74
21 80
21 87
21 66
21 89
21 20
21 0
94 48
94 35
94 47
94 38
94 29
94 31
94 49
94 26
94 44
94 39
94 36
94 33
94 14
94 24
94 30
94 18
94 17
94 28
94 25
94 46
94 42
94 19
94 12
94 1
94 43
94 13
94 41
94 32
94 27
94 15
94 23
94 37
94 16
94 50
94 45
94 34
94 40
0 10
0 4
0 11
0 5
0 2
0 9
0 7
0 6
0 8
0 3
1 99
1 98
99
0 56
0 13
0 50
0 83
0 29
0 64
0 22
0 42
0 46
0 2
0 27
0 52
0 4
0 60
0 79
0 31
0 82
0 96
0 8
0 61
0 93
0 12
0 54
0 70
0 37
0 84
0 67
0 74
0 48
0 76
0 23
0 73
0 10
0 15
0 24
0 75
0 59
0 97
0 30
0 78
56 92
56 58
56 71
56 91
56 77
56 85
56 87
56 81
56 65
56 72
56 99
56 68
56 95
56 57
56 11
56 45
56 6
56 20
56 16
56 39
56 47
56 55
56 35
56 53
56 36
56 14
13 43
13 21
13 63
13 66
13 98
13 25
13 94
13 90
13 41
13 18
13 34
13 44
13 86
13 1
13 9
13 7
13 5
50 80
50 88
50 69
50 62
50 89
50 51
50 32
50 33
50 38
50 49
50 40
50 19
50 26
50 28
50 3
50 17
80
32 68
32 65
32 55
32 64
32 63
32 33
32 57
32 47
32 72
32 54
32 41
32 51
32 45
32 58
32 69
32 76
32 42
32 75
32 70
32 56
32 40
32 34
32 3
32 27
32 5
32 2
32 8
32 28
32 29
32 30
32 15
32 21
32 7
32 19
32 11
32 25
32 10
32 4
68 80
68 73
68 77
68 78
68 39
68 67
68 52
68 22
68 61
68 18
68 38
68 60
68 9
68 12
68 37
68 6
68 36
68 66
68 16
68 59
68 17
68 0
68 35
68 14
65 20
65 23
65 31
65 26
65 49
65 44
65 43
65 13
55 71
55 79
55 46
55 53
55 50
64 24
64 48
64 1
33 74
33 62
64
28 32
28 36
28 40
28 38
28 47
28 31
28 30
28 37
28 43
28 46
28 42
28 35
28 44
28 45
28 39
28 41
28 33
28 34
28 29
28 27
28 21
28 24
28 26
28 22
28 25
28 20
28 23
28 19
28 18
32 48
32 52
32 49
32 50
32 53
32 51
36 54
36 55
36 59
36 58
36 56
36 57
38 60
38 62
38 61
39 64
39 63
27 16
27 17
21 13
21 14
21 15
19 12
19 11
13 8
13 9
13 10
8 5
8 6
8 7
5 3
5 4
3 2
2 1
1 0
99
54 55
54 59
54 57
54 58
54 56
54 51
54 53
54 52
51 60
51 50
51 49
60 61
60 71
60 70
60 90
60 80
60 40
60 10
60 30
60 0
60 20
49 41
49 42
49 45
49 44
49 46
49 43
49 48
49 47
61 63
61 66
61 65
61 64
61 62
61 67
61 68
61 69
71 79
71 77
71 74
71 73
71 75
71 78
71 72
71 76
30 31
30 21
0 11
0 1
0 91
31 34
31 37
31 38
31 39
31 36
31 35
31 32
31 33
31 29
21 23
21 26
21 27
21 22
21 24
21 25
21 28
21 19
11 13
11 14
11 16
11 17
11 12
11 18
11 15
11 9
1 3
1 99
1 6
1 2
1 5
1 8
1 4
1 7
91 97
91 94
91 98
91 95
91 92
91 96
91 93
91 89
89 81
89 87
89 88
89 82
89 86
89 84
89 85
89 83
39
9 36
9 11
9 10
9 28
9 15
9 39
9 37
9 26
9 16
9 25
9 17
9 22
9 24
9 29
9 31
9 19
9 33
9 35
9 23
9 12
9 21
9 18
9 30
9 34
9 40
9 14
9 38
9 20
9 13
9 27
9 2
9 3
9 4
9 1
9 7
9 6
9 8
9 5
1 32
99
0 16
0 24
0 63
0 99
0 66
0 45
0 34
0 38
0 47
0 89
0 19
0 76
0 49
0 35
0 77
0 50
0 25
0 8
0 29
0 60
0 98
0 3
0 44
0 48
0 80
0 14
0 93
0 43
0 55
0 96
0 68
0 86
0 61
0 84
0 30
0 90
0 71
0 22
0 65
0 10
0 53
0 64
0 79
0 85
0 26
0 92
0 97
0 95
0 31
0 1
0 2
0 18
0 69
0 74
0 54
0 27
0 59
0 21
0 52
0 78
0 15
0 7
0 12
0 11
0 41
0 13
0 4
0 62
0 32
0 83
0 91
0 75
0 81
0 9
0 82
0 94
0 67
0 70
0 73
0 37
0 88
0 72
0 28
0 87
0 33
0 6
0 42
0 58
0 40
0 20
0 57
0 56
0 23
0 46
0 39
0 5
0 17
0 36
0 51
99
18 49
18 37
18 47
18 31
18 57
18 95
18 43
18 77
18 75
18 51
18 48
18 72
18 59
18 70
18 19
18 58
18 50
18 29
18 76
18 67
18 81
18 62
18 34
18 32
18 82
18 79
18 22
18 54
18 83
18 46
18 40
18 45
18 80
18 4
18 16
18 3
18 0
18 7
18 11
18 10
49 91
49 92
49 85
49 94
49 96
49 66
49 65
49 55
49 93
49 97
49 63
49 73
49 64
49 90
49 89
49 86
49 98
49 52
49 5
49 36
49 39
49 23
49 38
49 8
49 1
49 14
49 44
49 17
37 71
37 74
37 69
37 68
37 60
37 13
37 2
37 25
37 15
37 27
37 30
37 9
37 20
37 28
47 78
47 61
47 26
47 42
31 84
31 41
31 53
31 87
31 35
31 6
57 99
57 12
57 21
57 33
95 56
95 88
1 24
99
42 44
42 91
42 82
42 69
42 8
42 15
42 27
42 1
44 95
44 58
44 0
44 11
44 38
44 31
91 97
91 26
91 4
91 78
91 86
82 90
82 76
82 70
82 9
82 65
82 72
69 73
69 49
69 36
69 54
8 50
8 83
8 17
15 94
15 71
15 41
15 96
15 66
27 77
27 16
1 75
1 62
1 67
95 89
95 30
95 24
95 5
95 51
95 40
58 60
58 10
58 14
58 48
0 18
0 28
0 21
0 32
11 88
11 39
38 81
38 35
38 34
38 29
31 79
31 56
31 85
31 13
31 25
97 53
97 2
97 37
4 93
4 47
4 7
86 98
86 61
86 33
86 74
90 80
90 20
49 92
49 52
83 84
83 63
62 19
62 57
62 3
5 43
60 68
60 12
48 64
48 45
28 55
28 59
39 87
29 99
29 22
84 46
84 23
12 6
99
46 82
46 84
46 74
46 51
46 26
46 15
46 42
46 38
82 98
82 91
82 17
82 40
82 22
82 60
82 80
82 5
82 31
84 37
84 19
84 55
84 24
84 62
74 89
74 93
74 94
74 76
74 90
74 8
74 54
74 9
51 56
51 32
51 49
51 50
51 12
26 79
26 69
26 28
26 33
26 36
26 72
26 65
26 96
26 21
15 63
15 35
15 86
42 71
42 43
38 81
38 3
38 7
98 61
98 34
98 48
91 95
91 23
91 57
40 75
40 70
40 73
40 45
40 39
40 25
22 77
22 85
22 2
60 13
60 0
60 52
37 83
37 66
37 10
55 92
55 47
62 58
62 44
62 4
93 20
93 88
93 78
94 6
94 41
90 67
90 30
49 64
49 29
49 18
81 68
81 27
23 59
75 97
75 16
0 53
20 87
6 1
27 99
27 14
1 11
99
26 97
26 74
26 82
26 43
26 12
26 22
26 16
97 75
97 69
97 6
97 5
74 64
74 36
74 38
74 8
74 62
74 4
82 85
82 47
82 63
82 42
82 45
82 66
82 54
43 94
43 50
43 98
43 46
43 99
43 31
43 30
12 33
12 90
12 53
12 28
12 37
22 67
22 95
22 92
16 20
16 60
16 88
16 77
75 78
75 93
75 32
75 40
75 59
69 87
69 83
6 14
6 39
6 17
6 2
5 89
5 71
5 19
5 41
5 84
5 24
5 86
64 80
64 68
64 61
64 7
64 13
38 48
38 18
8 76
8 70
62 81
62 65
62 1
62 23
4 15
4 27
85 96
85 58
85 25
45 57
45 3
50 11
46 79
46 35
46 21
31 44
31 0
53 52
53 9
28 72
28 49
59 73
59 55
2 29
70 91
70 51
73 56
73 10
29 34
96
20 21
20 22
20 23
20 1
20 17
23 24
23 26
23 25
1 68
1 50
1 65
1 32
1 47
1 83
1 92
1 11
1 80
1 86
1 8
1 53
1 59
1 35
1 95
1 89
1 38
1 2
1 56
1 77
1 62
1 41
1 44
1 14
1 71
1 5
1 29
1 74
17 18
17 19
26 27
26 28
68 69
68 70
50 51
50 52
65 66
65 67
32 33
32 34
47 48
47 49
83 84
83 85
92 93
92 94
11 12
11 13
80 82
80 81
86 88
86 87
8 10
8 9
53 55
53 54
59 61
59 60
35 37
35 36
95 96
95 97
89 91
89 90
38 39
38 40
2 3
2 4
56 57
56 58
77 78
77 79
62 64
62 63
41 42
41 43
44 45
44 46
14 16
14 15
71 73
71 72
5 7
5 6
29 31
29 30
74 75
74 76
99
18 55
18 80
18 74
18 60
18 81
18 29
18 52
18 94
18 65
18 27
18 40
18 57
18 47
18 56
18 79
18 41
18 68
18 61
18 36
18 83
18 53
18 84
18 77
18 38
18 63
18 26
18 72
18 9
18 12
18 2
18 5
18 4
18 0
18 17
18 8
18 7
18 16
18 1
18 11
55 66
55 67
55 96
55 69
55 93
55 58
55 85
55 88
55 90
55 59
55 78
55 22
55 43
55 6
55 14
55 32
55 23
55 10
55 30
55 21
55 37
80 97
80 82
80 89
80 92
80 95
80 87
80 39
80 28
80 34
80 70
80 50
80 73
80 42
74 91
74 86
74 15
74 35
74 48
74 19
74 64
74 45
74 24
60 99
60 75
60 3
60 13
60 25
60 31
60 33
60 54
60 46
81 44
81 49
29 71
29 98
29 51
29 20
52 62
52 76
62
29 52
29 46
29 42
29 43
29 60
29 62
29 58
29 38
29 61
29 49
29 37
29 55
29 41
29 59
29 44
29 48
29 34
29 30
29 45
29 35
29 47
29 57
29 33
29 51
29 56
29 36
29 39
29 54
29 40
29 32
29 31
29 53
29 50
29 26
29 16
29 23
29 28
29 4
29 8
29 1
29 13
29 15
29 9
29 22
29 0
29 2
29 21
29 25
29 6
29 10
29 12
29 27
29 3
29 18
29 14
29 19
29 24
29 7
29 11
29 5
29 20
29 17
93
60 99
60 78
60 8
8 19
8 87
26 66
26 83
26 11
11 59
11 67
59 72
59 41
67 97
67 44
97 57
97 76
44 3
44 39
57 68
57 38
76 22
76 10
3 43
3 81
39 74
39 35
68 82
68 33
38 85
38 23
22 47
22 93
10 79
10 46
82 5
82 27
33 45
33 30
85 73
85 32
23 55
23 24
47 52
47 4
93 70
93 7
79 84
79 75
46 98
46 6
52 62
52 94
4 64
4 69
70 31
70 29
7 40
7 17
75 49
75 16
98 15
98 77
6 9
6 13
62 56
62 14
94 50
94 92
64 89
64 48
69 63
69 25
31 51
31 53
29 42
29 2
40 61
40 12
17 36
17 54
49 71
49 21
16 18
16 1
15 80
15 95
77 37
77 34
9 65
9 91
13 20
13 88
1 99
99
74 78
74 84
74 26
74 37
74 47
74 31
78 95
78 99
78 6
78 50
78 60
84 97
84 58
84 81
99 14
99 19
99 52
97 98
97 24
97 11
14 92
14 9
14 2
98 33
98 91
98 12
92 39
92 61
92 17
33 80
33 72
33 67
39 54
39 96
39 82
80 68
80 76
80 42
54 77
54 86
54 94
68 88
68 48
68 53
77 22
77 29
77 46
88 44
88 51
88 71
22 49
22 38
22 16
44 7
44 3
44 21
49 73
49 40
49 36
7 8
7 62
7 83
73 0
73 66
73 41
8 55
8 4
8 5
0 30
0 35
0 63
55 59
55 45
55 25
30 32
30 79
30 87
59 34
59 20
59 15
34 56
34 1
34 28
56 57
56 89
56 27
57 65
57 75
57 13
65 93
65 90
65 70
93 43
93 23
93 10
43 69
43 64
43 18
18 85
92
67 68
67 6
67 7
68 24
68 60
68 11
68 8
68 10
68 58
24 91
24 47
24 69
24 78
24 64
24 28
24 81
24 51
24 35
91 92
91 93
91 79
91 37
91 41
91 38
91 26
91 36
47 53
47 52
47 48
47 1
47 18
47 46
47 19
47 17
69 70
69 71
69 72
69 56
69 55
69 4
69 5
69 16
78 44
78 12
78 31
78 14
78 13
78 15
78 30
78 32
64 66
64 65
64 57
64 59
64 63
64 9
64 61
64 62
28 39
28 42
28 40
28 29
28 45
28 43
28 25
28 27
81 90
81 86
81 84
81 88
81 87
81 89
81 85
81 80
51 54
51 2
51 49
51 21
51 22
51 50
51 20
51 3
35 74
35 77
35 83
35 75
35 76
35 82
35 73
35 33
35 34
80 23
99
68 88
68 71
68 77
68 82
68 81
68 69
68 72
68 74
68 53
68 51
68 34
68 29
68 2
68 67
68 59
68 5
68 55
68 58
68 46
68 27
88 95
88 94
88 96
88 92
88 22
88 41
88 39
88 66
88 40
88 62
88 23
88 83
88 32
88 47
88 35
71 90
71 93
71 91
71 89
71 65
71 64
71 31
71 1
71 37
71 11
71 50
71 7
71 17
71 70
71 63
71 20
77 87
77 84
77 13
77 56
77 42
77 76
77 33
77 3
82 97
82 6
82 52
82 24
81 78
81 80
81 57
81 16
69 85
69 45
69 8
69 26
69 43
72 98
72 0
72 21
72 15
72 4
72 28
72 38
72 61
74 49
74 44
74 9
53 79
53 60
53 25
51 54
51 99
51 73
51 75
51 86
51 48
51 36
29 30
29 12
59 14
59 10
41 19
41 18
98
84 87
84 88
84 81
87 86
81 83
81 82
81 95
86 89
86 72
86 85
95 96
95 98
95 97
95 94
72 76
72 73
72 74
72 75
76 77
98 91
98 92
77 80
77 79
77 78
77 63
91 90
63 64
63 66
63 67
63 65
66 70
66 69
67 68
68 71
68 54
54 58
54 55
54 57
54 56
58 59
59 60
59 62
59 61
59 45
45 49
45 46
45 48
45 47
49 50
50 52
50 53
50 51
50 36
36 38
36 39
36 37
36 40
39 43
39 42
40 41
41 44
41 27
27 28
27 30
27 31
27 29
30 33
30 34
31 32
32 35
32 18
18 20
18 22
18 21
18 19
22 23
23 26
23 24
23 25
23 9
9 11
9 10
9 13
9 12
13 14
14 16
14 15
14 17
14 0
0 2
0 1
0 4
0 3
4 5
5 8
5 7
5 6
90 93
99
61 87
61 74
61 66
61 91
61 82
61 73
61 93
61 64
61 90
61 95
61 86
61 89
61 99
61 69
61 85
61 68
61 78
61 13
61 15
61 6
61 49
61 31
61 51
61 57
61 14
61 33
61 28
61 20
61 41
61 42
61 40
61 25
61 5
61 58
61 17
61 18
61 0
61 48
61 10
61 45
87 88
87 97
87 98
87 94
87 92
87 96
87 43
87 24
87 26
87 8
87 72
87 77
87 11
87 56
87 70
87 1
87 32
87 75
87 55
87 83
87 2
87 63
87 65
87 30
74 80
74 79
74 76
74 81
74 47
74 53
74 36
74 22
74 71
74 54
66 62
66 4
66 44
66 35
66 21
66 9
66 38
66 37
66 7
66 39
66 34
66 19
66 12
91 27
91 84
91 67
91 52
91 3
91 23
91 16
91 59
91 50
64 46
64 29
64 60
39
1 10
1 23
1 29
1 37
1 20
1 26
1 28
1 15
1 7
1 14
1 13
1 5
1 6
1 2
1 19
1 17
1 3
1 0
10 36
10 11
10 33
10 39
10 35
10 30
10 4
10 9
10 8
23 27
23 32
23 24
23 38
23 18
23 16
29 31
29 21
37 25
37 12
11 34
11 22
99
28 30
28 29
28 26
30 31
30 32
26 27
26 24
32 34
32 33
24 25
24 22
34 35
34 36
22 23
22 20
36 37
36 38
20 21
20 18
38 39
38 40
18 19
18 16
40 41
40 42
16 17
16 14
42 43
42 44
14 15
14 12
44 45
44 46
12 13
12 10
46 48
46 47
10 11
10 8
48 49
48 50
8 9
8 6
50 52
50 51
6 7
6 4
52 54
52 53
4 5
4 3
54 55
54 56
3 2
3 1
56 58
56 57
58 59
58 60
60 62
60 61
62 64
62 63
64 66
64 65
66 68
66 67
68 69
68 70
70 72
70 71
72 74
72 73
74 75
74 76
76 78
76 77
78 79
78 80
80 81
80 82
82 83
82 84
84 86
84 85
86 88
86 87
88 90
88 89
90 92
90 91
92 94
92 93
94 96
94 95
96 98
96 97
98 99
98 0
99
72 85
72 96
72 73
72 91
72 77
72 90
72 99
72 89
72 32
72 13
72 31
72 47
72 50
72 33
72 41
72 70
72 45
72 0
72 55
72 42
72 46
72 71
72 11
72 34
72 43
72 56
72 36
72 18
72 25
72 2
72 60
72 53
72 1
72 17
72 9
72 23
85 86
85 98
85 94
85 83
85 7
85 26
85 8
85 27
85 81
85 51
85 19
85 48
85 52
85 84
85 15
85 6
85 80
85 54
85 28
96 97
96 58
96 21
96 12
96 62
96 78
96 76
96 59
96 20
96 68
96 95
96 66
96 75
96 44
96 61
96 57
96 64
73 74
73 93
73 92
73 88
73 38
73 10
73 3
73 35
73 29
73 24
73 16
73 63
91 37
91 87
91 67
91 69
91 65
91 22
77 79
77 4
77 49
77 5
90 82
90 39
99 40
99 30
0 14
99
10 11
10 55
10 54
10 9
11 12
11 57
11 56
9 53
9 52
9 8
12 13
12 58
12 59
8 51
8 50
8 7
13 14
13 60
13 61
7 49
7 48
7 6
14 63
14 62
14 15
6 46
6 47
6 5
15 16
15 65
15 64
5 44
5 45
5 4
16 66
16 67
16 17
4 43
4 42
4 3
17 18
17 69
17 68
3 40
3 41
3 2
18 70
18 19
18 71
2 38
2 39
2 1
19 73
19 20
19 72
1 37
1 36
1 0
20 75
20 21
20 74
0 35
0 34
21 22
21 76
21 77
22 23
22 78
22 79
23 24
23 81
23 80
24 83
24 25
24 82
25 26
25 84
25 85
26 27
26 86
26 87
27 88
27 89
27 28
28 90
28 29
28 91
29 30
29 92
29 93
30 94
30 31
30 95
31 97
31 32
31 96
32 98
32 33
32 99
99
0 25
0 31
0 1
0 7
0 45
0 85
0 69
0 63
0 68
0 24
0 88
0 48
0 19
0 22
0 20
0 40
0 44
0 60
0 27
0 55
0 12
0 14
0 30
0 38
0 26
0 21
0 28
0 81
0 33
0 86
0 39
0 13
0 29
0 10
0 32
0 11
0 16
0 66
0 9
0 74
0 8
0 2
0 41
0 36
0 6
0 49
0 72
0 17
0 34
0 15
0 99
0 4
0 3
0 37
0 5
0 51
0 47
0 46
0 43
0 93
0 35
0 42
0 18
0 23
25 83
25 77
25 95
25 98
25 71
25 76
25 65
25 96
25 92
25 78
25 80
25 97
25 50
25 64
25 90
25 58
25 82
31 91
31 54
31 79
31 62
31 87
31 73
31 70
31 94
31 52
1 89
1 75
1 84
1 59
1 67
1 53
1 61
45 57
45 56
80
38 64
38 59
38 70
38 54
38 43
38 56
38 42
38 51
38 63
38 44
38 48
38 76
38 60
38 16
38 33
38 32
38 9
38 25
38 2
38 30
38 15
38 22
38 31
38 4
38 26
38 1
38 35
64 77
64 73
64 74
64 79
64 80
64 65
64 72
64 78
64 75
64 67
64 66
64 71
64 68
64 69
64 45
64 17
64 55
64 23
64 53
64 10
64 50
64 5
64 12
64 24
64 34
64 27
64 46
64 3
64 52
64 41
64 21
64 62
64 13
64 28
64 39
64 57
64 14
64 37
64 0
64 6
64 19
64 20
64 36
64 49
64 8
64 47
64 40
64 58
64 7
64 18
64 29
64 61
64 11
98
27 59
27 67
27 37
27 89
27 81
27 45
27 52
27 73
27 91
27 47
27 77
27 65
27 92
27 75
27 50
27 85
27 74
27 80
27 33
27 56
27 28
27 44
27 32
27 96
27 86
27 95
27 79
27 78
27 48
27 29
27 83
27 88
27 58
27 53
27 62
27 6
27 20
27 5
27 26
27 12
27 1
27 23
27 18
27 25
27 15
27 2
27 9
27 13
27 11
67 4
4 38
4 72
4 90
4 39
4 68
4 42
4 54
4 97
4 87
4 35
4 34
4 46
4 70
4 8
4 69
4 16
4 63
4 98
4 31
4 30
4 99
4 43
4 19
4 22
4 60
4 93
4 21
4 55
4 82
4 51
4 71
4 36
4 14
4 7
4 10
4 94
4 64
4 84
4 41
4 24
4 76
4 17
4 49
4 61
4 66
4 57
4 3
4 0
98
44 87
44 59
44 94
44 90
44 89
44 72
44 56
44 86
44 84
44 61
44 96
44 49
44 62
44 45
44 93
44 78
44 52
44 64
44 98
44 77
44 55
44 76
44 66
44 95
44 81
44 58
44 17
44 4
44 26
44 22
44 12
44 33
44 16
44 42
44 28
44 36
44 13
44 31
44 38
44 20
44 34
44 0
44 5
44 6
44 29
44 19
44 15
44 8
44 37
15 92
92 99
92 97
92 69
92 23
92 10
92 41
92 35
92 43
92 18
92 2
92 73
92 25
92 3
92 40
92 88
92 85
92 75
92 67
92 7
92 50
92 65
92 57
92 70
92 21
92 24
92 14
92 80
92 82
92 27
92 11
92 83
92 46
92 74
92 48
92 71
92 39
92 30
92 53
92 47
92 63
92 68
92 79
92 9
92 51
92 32
92 91
92 54
92 60
38
2 39
2 10
2 21
2 19
2 20
2 11
2 32
2 5
2 35
2 22
2 4
2 13
2 28
2 36
2 17
39 3
39 8
39 38
39 37
39 1
10 27
10 9
22 31
22 12
4 6
37 34
37 33
12 23
12 14
33 30
33 29
23 24
14 15
25 26
24 25
15 16
16 18
6 7
67
49 50
49 44
49 48
50 66
50 67
50 43
50 47
44 45
44 42
67 68
67 65
43 60
43 3
43 1
43 2
43 29
43 27
43 28
43 33
43 35
43 4
43 5
43 13
43 21
43 22
43 14
43 10
43 8
43 15
43 34
43 18
43 9
47 58
47 46
65 63
65 64
60 62
60 61
60 30
60 20
60 25
60 26
60 31
60 32
60 23
60 24
60 19
3 53
3 56
3 57
3 54
3 52
1 51
1 12
35 38
35 39
35 36
8 6
8 7
15 16
15 11
34 55
34 59
38 41
38 37
16 17
41 40
99
6 7
6 16
6 5
7 8
7 17
16 26
16 15
8 18
8 9
26 27
26 36
26 25
18 19
18 28
36 46
36 37
36 35
28 29
28 38
46 47
46 56
46 45
38 48
38 39
56 57
56 66
56 55
48 49
48 58
66 76
66 67
66 65
58 59
58 68
76 77
76 86
76 75
68 78
68 69
86 87
86 96
86 85
75 74
78 88
78 79
96 97
96 95
88 89
88 98
89 99
73 74
73 83
73 72
73 63
74 84
74 64
83 93
83 82
72 62
72 71
93 94
93 92
62 52
62 61
71 81
71 70
52 53
52 42
52 51
81 91
81 80
53 54
53 43
42 41
42 32
80 90
43 44
43 33
41 40
41 31
33 34
33 23
40 50
40 30
23 24
23 13
23 22
50 60
13 14
13 12
13 3
12 2
12 11
3 4
11 21
11 1
11 10
10 20
10 0
99
18 73
18 24
18 70
18 36
18 76
18 34
18 94
18 64
18 40
18 38
18 80
18 22
18 41
18 52
18 84
18 92
18 56
18 46
18 99
18 63
18 54
18 23
18 78
18 98
18 61
18 33
18 74
18 55
18 26
18 19
18 83
18 97
18 45
18 14
18 10
18 13
18 16
18 1
73 93
73 89
73 77
73 75
73 85
73 79
73 88
73 11
73 39
73 48
73 31
73 50
73 57
73 12
73 35
73 27
73 43
73 30
73 7
73 67
24 60
24 95
24 68
24 69
24 28
24 86
24 44
24 25
24 90
24 96
24 87
24 15
24 2
70 81
70 71
70 58
70 53
70 17
70 37
70 51
70 59
36 82
36 72
36 47
36 66
36 42
36 3
34 21
34 29
94 62
94 20
94 32
94 91
94 9
64 49
64 6
40 65
40 4
1 0
0 8
0 5
99
18 47
18 36
18 25
18 93
18 46
18 92
18 62
18 63
18 22
18 82
18 97
18 94
18 69
18 90
18 86
18 91
18 98
18 64
18 33
18 37
18 34
18 85
18 40
18 35
18 61
18 96
18 30
18 39
18 1
18 14
47 58
47 50
47 77
47 67
47 70
47 83
47 56
47 66
47 55
47 48
47 59
47 78
47 84
47 99
47 51
47 68
47 42
47 27
47 28
47 44
47 15
47 24
47 23
47 31
47 26
47 4
36 49
36 52
36 76
36 65
36 87
36 17
36 19
36 11
36 13
36 20
36 29
36 3
25 60
25 88
25 71
25 54
25 10
25 2
93 95
93 72
93 57
93 73
93 12
93 74
93 32
93 79
93 9
46 89
46 80
46 21
46 38
46 43
92 75
92 41
62 81
62 6
82 53
82 16
82 8
1 0
58 45
58 5
0 7
99
6 7
6 5
7 8
19 20
20 21
22 23
23 24
58 59
59 60
77 78
78 79
83 84
84 85
8 9
9 10
10 11
31 32
32 33
39 40
40 41
44 45
45 46
60 61
69 70
70 71
16 17
17 18
61 62
68 69
97 98
98 99
11 12
12 13
37 38
38 39
56 57
57 58
63 64
64 65
93 94
94 95
95 96
96 97
3 2
4 3
5 4
15 16
65 66
41 42
42 43
47 48
48 49
49 50
50 51
51 52
72 73
73 74
79 80
80 81
81 82
85 86
86 87
34 35
35 36
36 37
55 56
1 0
13 14
14 15
26 27
27 28
54 55
75 76
76 77
92 93
25 26
33 34
67 68
2 1
24 25
30 31
62 63
74 75
87 88
88 89
21 22
28 29
71 72
52 53
53 54
91 92
18 19
29 30
82 83
43 44
46 47
90 91
89 90
66 67
91
51 56
51 53
51 91
51 79
51 68
51 86
51 90
51 89
51 61
51 57
51 87
51 59
51 65
51 58
51 80
51 71
51 73
51 77
51 66
51 75
51 69
51 83
51 82
51 84
51 63
51 55
51 49
51 50
87 43
66 21
3 54
3 4
3 2
2 1
1 52
1 0
22 67
22 23
22 21
23 24
21 20
24 70
24 25
20 64
20 19
25 26
19 18
30 76
30 31
30 29
31 32
31 78
29 28
32 33
28 74
28 27
27 72
27 26
36 81
36 37
36 35
37 38
42 43
42 85
42 41
43 44
44 88
44 45
45 46
13 14
13 60
13 12
14 15
12 11
15 16
15 62
5 4
9 8
10 9
33 34
34 35
46 47
47 48
7 6
38 39
8 7
11 10
6 5
18 17
17 16
39 40
98
79 89
79 69
79 78
89 88
89 80
69 58
69 68
69 59
78 99
78 98
88 97
88 18
80 81
59 70
18 22
81 91
81 71
70 82
70 60
91 92
91 90
92 83
82 93
82 61
82 72
83 84
83 94
83 73
84 95
84 74
94 63
94 85
73 62
95 86
85 75
85 65
86 96
86 76
65 66
96 87
5 9
5 6
5 2
5 3
6 7
6 36
3 1
7 8
8 62
8 4
10 44
10 52
10 54
10 14
44 45
44 30
54 55
54 47
45 38
45 39
30 37
30 25
30 23
55 64
55 57
55 48
55 50
47 53
47 40
39 46
39 32
23 24
48 41
41 49
41 33
41 34
49 56
49 42
33 26
33 27
42 43
42 35
43 51
35 28
35 29
16 20
16 21
16 22
20 14
21 19
66 77
66 67
11 17
17 12
19 15
15 11
12 13
24 31
98
3 81
3 61
3 54
3 88
3 76
3 53
3 60
3 75
3 67
3 82
3 86
3 64
3 58
3 98
3 68
3 94
3 55
3 77
3 71
3 49
3 72
3 52
3 96
3 79
3 74
3 57
3 90
3 89
3 84
3 95
3 65
3 69
3 92
3 93
3 62
3 66
3 87
3 85
3 83
3 91
3 59
3 56
3 51
3 78
3 70
81 18
81 38
81 45
81 21
81 7
81 2
81 17
81 36
81 15
81 39
81 40
81 25
81 30
81 5
81 31
81 26
81 0
81 35
81 37
81 46
81 14
81 24
81 48
81 34
81 27
81 41
81 6
81 32
81 22
81 29
81 23
81 19
81 10
81 8
81 12
81 11
81 1
81 33
81 42
81 4
61 13
61 20
61 47
61 16
61 9
54 44
54 43
54 28
18 63
18 73
18 50
18 97
0 80
95
36 87
36 53
36 60
36 63
36 90
36 51
36 68
36 76
36 57
36 95
36 70
36 78
36 62
36 54
36 82
36 56
36 69
36 52
36 84
36 89
36 79
36 83
36 48
36 58
36 72
36 67
36 55
36 3
36 12
36 16
36 14
36 20
36 23
36 7
36 8
36 21
36 15
36 6
36 4
36 11
36 18
36 10
36 17
87 5
87 38
87 61
87 25
87 2
87 66
87 40
87 0
87 46
87 22
87 27
87 31
87 41
87 65
87 42
87 59
87 49
87 35
87 32
87 13
87 44
87 39
87 26
87 43
87 24
87 30
53 80
53 74
53 73
53 86
53 81
53 85
53 77
53 9
53 29
53 34
53 1
53 28
53 19
53 45
60 91
60 94
60 93
60 47
60 33
60 37
51 92
51 88
78 50
78 71
12 75
12 64
94
17 41
17 89
17 80
17 75
17 85
17 67
17 86
17 73
17 63
17 94
17 69
17 43
17 42
17 50
17 84
17 59
17 83
17 68
17 74
17 38
17 92
17 21
17 51
17 31
17 71
17 37
17 49
17 44
17 28
17 87
17 93
17 20
17 24
17 76
17 19
17 45
17 88
17 70
17 48
17 57
17 27
17 62
17 22
17 61
41 58
41 77
41 91
41 65
41 90
41 72
41 64
41 79
41 81
41 10
41 12
41 15
41 4
41 29
41 30
41 11
41 34
41 35
41 6
41 33
41 9
41 1
89 25
89 18
89 32
89 13
89 8
89 40
89 7
89 3
89 16
89 26
89 54
89 14
89 2
89 46
89 0
80 53
80 66
80 47
80 39
80 55
80 23
80 36
80 60
75 78
75 52
85 56
85 5
1 82
99
12 16
12 44
12 92
12 50
12 91
12 72
12 33
12 85
12 65
12 69
12 87
12 56
12 24
12 76
12 40
12 37
12 96
12 15
12 81
12 34
12 0
16 53
16 75
16 42
16 51
16 30
16 99
16 29
16 82
16 93
16 77
16 21
16 25
16 35
16 43
16 97
16 80
16 4
16 7
16 10
44 90
44 74
44 63
44 70
44 62
44 78
44 59
44 28
44 6
44 18
44 14
92 55
92 68
92 66
92 23
92 86
92 67
92 39
92 38
92 57
92 22
92 27
92 2
92 32
50 95
50 58
50 36
50 9
91 11
91 49
91 60
72 94
72 84
72 17
33 45
33 47
33 54
33 19
85 89
85 88
85 20
85 31
85 64
85 8
85 26
85 13
69 73
69 98
69 46
87 61
87 71
87 3
87 1
87 41
40 79
40 5
0 48
0 52
0 83
99
0 82
0 9
0 52
0 13
0 11
0 33
0 4
0 38
0 40
0 99
0 2
0 54
0 66
0 12
0 45
0 81
0 3
0 77
0 91
0 34
0 37
0 67
0 14
0 21
0 44
0 70
0 24
0 76
0 88
0 56
0 90
0 98
0 58
0 7
0 32
0 48
0 57
0 1
0 46
0 61
0 93
0 8
0 35
0 65
0 41
0 10
0 85
0 39
0 80
0 29
0 71
0 86
0 96
0 30
0 47
0 59
0 87
0 68
0 20
0 22
0 25
0 5
0 6
0 27
0 92
0 19
0 55
0 89
0 42
0 18
0 72
0 50
0 51
0 95
0 94
0 78
0 15
0 23
0 73
0 74
0 17
0 53
0 79
0 84
0 63
0 83
0 16
0 69
0 26
0 60
0 28
0 36
0 97
0 49
0 62
0 31
0 75
0 43
0 64
99
2 63
2 15
2 81
2 6
2 88
2 45
2 19
2 40
2 37
2 55
2 43
2 23
2 13
2 8
2 64
2 24
2 91
2 67
2 42
2 80
2 9
2 68
2 83
2 0
2 1
63 76
63 84
63 96
63 87
63 93
63 25
63 3
63 31
63 20
63 46
63 49
15 78
15 36
15 35
15 98
15 75
15 18
15 44
15 29
15 59
15 47
15 32
15 27
15 34
15 86
15 51
15 61
15 12
15 14
81 90
81 48
81 53
81 73
81 50
81 26
81 79
81 21
6 22
6 69
6 66
6 38
6 7
6 41
6 57
6 39
88 95
88 77
88 62
88 65
88 5
88 58
45 99
45 71
45 92
45 16
19 97
19 82
19 56
19 60
19 85
19 54
19 10
19 4
40 94
40 72
40 28
37 74
37 33
55 89
55 52
55 30
13 70
13 11
0 17
35
10 12
10 20
10 13
10 11
20 23
20 22
20 30
20 21
30 31
30 40
30 32
30 33
40 42
40 50
40 41
40 43
50 52
50 53
50 51
50 60
60 63
60 62
60 70
60 61
70 72
70 73
70 80
70 71
80 82
80 81
80 90
80 83
90 91
90 93
90 92
5
1 2
1 3
1 4
1 0
3 5
99
0 33
0 67
0 66
0 34
0 1
33 32
67 68
66 65
34 35
1 2
9 8
10 9
35 36
43 42
44 43
45 44
62 61
63 62
65 64
73 74
74 75
80 81
81 82
82 83
83 84
97 98
98 99
2 3
3 4
4 5
48 47
49 48
50 49
51 50
21 20
22 21
40 39
41 40
58 57
59 58
64 63
23 22
24 23
60 59
68 69
69 70
76 77
77 78
84 85
6 7
14 13
15 14
16 15
55 54
56 55
70 71
71 72
90 91
91 92
92 93
93 94
94 95
95 96
96 97
20 19
26 25
27 26
46 45
52 51
61 60
86 87
87 88
11 10
12 11
47 46
53 52
75 76
89 90
13 12
17 16
18 17
19 18
42 41
54 53
5 6
72 73
25 24
29 28
30 29
28 27
39 38
57 56
78 79
79 80
85 86
31 30
32 31
36 37
88 89
99
0 3
0 10
0 13
0 11
0 8
0 5
0 14
0 99
0 7
0 1
0 2
0 6
0 16
0 19
0 17
0 12
0 18
0 15
0 4
0 9
99 39
99 80
99 97
99 82
99 93
99 98
99 84
99 86
99 89
99 90
99 81
99 85
99 96
99 88
99 94
99 91
99 92
99 83
99 79
99 87
99 59
99 95
39 40
39 32
39 27
39 38
39 29
39 33
39 36
39 37
39 21
39 34
39 24
39 25
39 28
39 26
39 30
39 31
39 20
39 35
39 23
39 22
79 71
79 74
79 62
79 72
79 76
79 67
79 77
79 65
79 75
79 70
79 73
79 60
79 61
79 78
79 64
79 69
79 68
79 63
79 66
59 55
59 56
59 53
59 41
59 49
59 44
59 58
59 50
59 54
59 57
59 42
59 46
59 48
59 47
59 43
59 45
59 52
59 51
43
19 33
19 23
19 42
19 27
19 21
19 35
19 25
19 37
19 39
19 36
19 29
19 41
19 34
19 20
19 31
19 30
19 32
19 26
19 40
19 22
19 24
19 44
19 28
19 43
19 38
19 5
19 1
19 8
19 3
19 13
19 7
19 9
19 18
19 2
19 12
19 16
19 14
19 17
19 11
19 15
19 6
19 4
19 10
98
29 30
29 31
29 27
29 28
31 33
31 32
27 25
27 26
33 34
33 35
25 23
25 24
35 36
35 37
23 21
23 22
37 38
37 39
21 20
21 19
39 41
39 40
19 17
19 18
41 43
41 42
17 15
17 16
43 44
43 45
15 13
15 14
45 46
45 47
13 12
13 11
47 49
47 48
11 10
11 9
49 51
49 50
9 8
9 7
51 52
51 53
7 6
7 5
53 54
53 55
5 4
5 3
55 57
55 56
3 2
3 1
57 59
57 58
59 61
59 60
61 63
61 62
63 65
63 64
65 66
65 67
67 68
67 69
69 71
69 70
71 72
71 73
73 74
73 75
75 77
75 76
77 78
77 79
79 81
79 80
81 83
81 82
83 85
83 84
85 87
85 86
87 89
87 88
89 90
89 91
91 93
91 92
93 95
93 94
94 96
97 99
97 98
97 96
99
0 1
0 5
0 20
0 4
0 15
0 80
1 2
1 6
1 21
1 16
1 81
5 10
5 25
5 9
5 85
20 40
20 24
20 35
4 3
4 19
4 84
80 60
80 95
2 7
2 22
2 17
2 82
6 11
6 26
6 86
21 41
21 36
81 61
81 96
10 30
10 14
10 90
25 45
25 29
9 8
9 89
40 44
40 55
24 23
24 39
3 18
3 83
84 64
84 99
60 65
60 75
7 12
7 27
7 87
22 42
22 37
82 62
82 97
11 31
11 91
41 46
41 56
61 66
61 76
30 50
30 34
14 13
14 94
29 49
29 28
89 69
89 88
44 43
44 59
18 38
18 98
64 63
64 79
12 32
12 92
42 47
42 57
62 67
62 77
50 51
50 70
50 54
13 33
13 93
69 74
69 68
43 48
43 58
77 78
77 72
51 52
51 71
33 53
53 73
62
0 1
0 2
0 3
0 4
0 5
0 6
0 7
0 8
0 9
0 10
0 11
0 12
0 13
0 14
0 15
0 16
0 17
0 18
0 19
0 20
0 21
0 22
0 23
0 24
0 25
0 26
0 27
0 28
0 29
0 30
0 31
0 32
0 33
0 34
0 35
0 36
0 37
0 38
0 39
0 40
0 41
0 42
0 43
0 44
0 45
0 46
0 47
0 48
0 49
0 50
0 51
0 52
0 53
0 54
0 55
0 56
0 57
0 58
0 59
0 60
0 61
0 62
99
0 1
0 2
0 3
3 4
3 5
3 6
6 7
6 8
6 9
9 10
9 11
9 12
12 13
12 14
12 15
15 16
15 17
15 18
18 19
18 20
18 21
21 22
21 23
21 24
24 25
24 26
24 27
27 28
27 29
27 30
30 31
30 32
30 33
33 34
33 35
33 36
36 37
36 38
36 39
39 40
39 41
39 42
42 43
42 44
42 45
45 46
45 47
45 48
48 49
48 50
48 51
51 52
51 53
51 54
54 55
54 56
54 57
57 58
57 59
57 60
60 61
60 62
60 63
63 64
63 65
63 66
66 67
66 68
66 69
69 70
69 71
69 72
72 73
72 74
72 75
75 76
75 77
75 78
78 79
78 80
78 81
81 82
81 83
81 84
84 85
84 86
84 87
87 88
87 89
87 90
90 91
90 92
90 93
93 94
93 95
93 96
96 97
96 98
96 99
